<?xml version="1.0" encoding="UTF-8"?>
<!-- Generated by org.testng.reporters.JUnitReportReporter -->
<testsuite hostname="yasmeena" failures="0" tests="4" name="database_1.DatabaseTesting" time="0.051" errors="0" timestamp="2024-03-24T00:35:32 EET" skipped="0">
  <testcase classname="database_1.DatabaseTesting" name="ReadData" time="0.034"/>
  <system-out/>
  <testcase classname="database_1.DatabaseTesting" name="AddnewData" time="0.010"/>
  <system-out/>
  <testcase classname="database_1.DatabaseTesting" name="UpdateData" time="0.003"/>
  <system-out/>
  <testcase classname="database_1.DatabaseTesting" name="DeletData" time="0.004"/>
  <system-out/>
</testsuite> <!-- database_1.DatabaseTesting -->
